

================================================================
== Vitis HLS Report for 'seidel'
================================================================
* Date:           Sat Apr  8 11:59:53 2023

* Version:        2022.1 (Build 3526262 on Mon Apr 18 15:48:16 MDT 2022)
* Project:        seidel
* Solution:       solution2 (Vivado IP Flow Target)
* Product family: zynq
* Target device:  xc7z020-clg400-1


================================================================
== Performance Estimates
================================================================
+ Timing: 
    * Summary: 
    +--------+----------+----------+------------+
    |  Clock |  Target  | Estimated| Uncertainty|
    +--------+----------+----------+------------+
    |ap_clk  |  10.00 ns|  7.256 ns|     2.70 ns|
    +--------+----------+----------+------------+

+ Latency: 
    * Summary: 
    +-------------+-------------+-------------+-------------+-------------+-------------+---------+
    |      Latency (cycles)     |     Latency (absolute)    |          Interval         | Pipeline|
    |     min     |     max     |     min     |     max     |     min     |     max     |   Type  |
    +-------------+-------------+-------------+-------------+-------------+-------------+---------+
    |  75347722241|  75347722241|  753.477 sec|  753.477 sec|  75347722242|  75347722242|       no|
    +-------------+-------------+-------------+-------------+-------------+-------------+---------+

    + Detail: 
        * Instance: 
        +------------------------------------------+-------------------------------+---------+---------+-----------+-----------+------+------+---------+
        |                                          |                               |  Latency (cycles) |   Latency (absolute)  |   Interval  | Pipeline|
        |                 Instance                 |             Module            |   min   |   max   |    min    |    max    |  min |  max |   Type  |
        +------------------------------------------+-------------------------------+---------+---------+-----------+-----------+------+------+---------+
        |grp_seidel_Pipeline_seidel_label0_fu_108  |seidel_Pipeline_seidel_label0  |     1495|     1495|  14.950 us|  14.950 us|  1495|  1495|       no|
        +------------------------------------------+-------------------------------+---------+---------+-----------+-----------+------+------+---------+

        * Loop: 
        +-----------------------------------+-------------+-------------+----------+-----------+-----------+----------+----------+
        |                                   |      Latency (cycles)     | Iteration|  Initiation Interval  |   Trip   |          |
        |             Loop Name             |     min     |     max     |  Latency |  achieved |   target  |   Count  | Pipelined|
        +-----------------------------------+-------------+-------------+----------+-----------+-----------+----------+----------+
        |- VITIS_LOOP_37_1_VITIS_LOOP_38_2  |  75347722240|  75347722240|      1498|          -|          -|  50298880|        no|
        +-----------------------------------+-------------+-------------+----------+-----------+-----------+----------+----------+



================================================================
== Utilization Estimates
================================================================
* Summary: 
+-----------------+---------+-----+--------+-------+-----+
|       Name      | BRAM_18K| DSP |   FF   |  LUT  | URAM|
+-----------------+---------+-----+--------+-------+-----+
|DSP              |        -|    -|       -|      -|    -|
|Expression       |        -|    -|       0|    166|    -|
|FIFO             |        -|    -|       -|      -|    -|
|Instance         |        0|   73|   25211|  20683|    -|
|Memory           |        -|    -|       -|      -|    -|
|Multiplexer      |        -|    -|       -|     43|    -|
|Register         |        -|    -|     116|      -|    -|
+-----------------+---------+-----+--------+-------+-----+
|Total            |        0|   73|   25327|  20892|    0|
+-----------------+---------+-----+--------+-------+-----+
|Available        |      280|  220|  106400|  53200|    0|
+-----------------+---------+-----+--------+-------+-----+
|Utilization (%)  |        0|   33|      23|     39|    0|
+-----------------+---------+-----+--------+-------+-----+

+ Detail: 
    * Instance: 
    +------------------------------------------+-------------------------------+---------+----+-------+-------+-----+
    |                 Instance                 |             Module            | BRAM_18K| DSP|   FF  |  LUT  | URAM|
    +------------------------------------------+-------------------------------+---------+----+-------+-------+-----+
    |ctrl_s_axi_U                              |ctrl_s_axi                     |        0|   0|     74|    104|    0|
    |grp_seidel_Pipeline_seidel_label0_fu_108  |seidel_Pipeline_seidel_label0  |        0|  73|  25137|  20579|    0|
    +------------------------------------------+-------------------------------+---------+----+-------+-------+-----+
    |Total                                     |                               |        0|  73|  25211|  20683|    0|
    +------------------------------------------+-------------------------------+---------+----+-------+-------+-----+

    * DSP: 
    N/A

    * Memory: 
    N/A

    * FIFO: 
    N/A

    * Expression: 
    +--------------------------+----------+----+---+----+------------+------------+
    |       Variable Name      | Operation| DSP| FF| LUT| Bitwidth P0| Bitwidth P1|
    +--------------------------+----------+----+---+----+------------+------------+
    |add_ln224_fu_206_p2       |         +|   0|  0|  12|          12|          12|
    |add_ln37_fu_153_p2        |         +|   0|  0|  33|          26|           1|
    |add_ln38_fu_242_p2        |         +|   0|  0|  17|          14|           1|
    |add_ln39_fu_200_p2        |         +|   0|  0|  14|          13|          12|
    |cmp_i13_fu_227_p2         |      icmp|   0|  0|  12|          13|          12|
    |icmp_ln224_fu_212_p2      |      icmp|   0|  0|  12|          13|           1|
    |icmp_ln37_fu_147_p2       |      icmp|   0|  0|  16|          26|          26|
    |icmp_ln38_fu_162_p2       |      icmp|   0|  0|  12|          14|          14|
    |retval_0_i1424_fu_233_p3  |    select|   0|  0|  12|           1|          12|
    |select_ln37_fu_173_p3     |    select|   0|  0|  14|           1|           1|
    |v5_fu_218_p3              |    select|   0|  0|  12|           1|          12|
    +--------------------------+----------+----+---+----+------------+------------+
    |Total                     |          |   0|  0| 166|         134|         104|
    +--------------------------+----------+----+---+----+------------+------------+

    * Multiplexer: 
    +----------------------+----+-----------+-----+-----------+
    |         Name         | LUT| Input Size| Bits| Total Bits|
    +----------------------+----+-----------+-----+-----------+
    |ap_NS_fsm             |  25|          5|    1|          5|
    |indvar_flatten_fu_98  |   9|          2|   26|         52|
    |v4_fu_94              |   9|          2|   14|         28|
    +----------------------+----+-----------+-----+-----------+
    |Total                 |  43|          9|   41|         85|
    +----------------------+----+-----------+-----+-----------+

    * Register: 
    +-------------------------------------------------------+----+----+-----+-----------+
    |                          Name                         | FF | LUT| Bits| Const Bits|
    +-------------------------------------------------------+----+----+-----+-----------+
    |ap_CS_fsm                                              |   4|   0|    4|          0|
    |grp_seidel_Pipeline_seidel_label0_fu_108_ap_start_reg  |   1|   0|    1|          0|
    |icmp_ln38_reg_278                                      |   1|   0|    1|          0|
    |indvar_flatten_fu_98                                   |  26|   0|   26|          0|
    |retval_0_i1424_reg_293                                 |  12|   0|   12|          0|
    |select_ln37_reg_283                                    |  14|   0|   14|          0|
    |v0_read_reg_267                                        |  32|   0|   32|          0|
    |v4_fu_94                                               |  14|   0|   14|          0|
    |v5_reg_288                                             |  12|   0|   12|          0|
    +-------------------------------------------------------+----+----+-----+-----------+
    |Total                                                  | 116|   0|  116|          0|
    +-------------------------------------------------------+----+----+-----+-----------+



================================================================
== Interface
================================================================
* Summary: 
+--------------------+-----+-----+------------+--------------+--------------+
|      RTL Ports     | Dir | Bits|  Protocol  | Source Object|    C Type    |
+--------------------+-----+-----+------------+--------------+--------------+
|s_axi_ctrl_AWVALID  |   in|    1|       s_axi|          ctrl|        scalar|
|s_axi_ctrl_AWREADY  |  out|    1|       s_axi|          ctrl|        scalar|
|s_axi_ctrl_AWADDR   |   in|    5|       s_axi|          ctrl|        scalar|
|s_axi_ctrl_WVALID   |   in|    1|       s_axi|          ctrl|        scalar|
|s_axi_ctrl_WREADY   |  out|    1|       s_axi|          ctrl|        scalar|
|s_axi_ctrl_WDATA    |   in|   32|       s_axi|          ctrl|        scalar|
|s_axi_ctrl_WSTRB    |   in|    4|       s_axi|          ctrl|        scalar|
|s_axi_ctrl_ARVALID  |   in|    1|       s_axi|          ctrl|        scalar|
|s_axi_ctrl_ARREADY  |  out|    1|       s_axi|          ctrl|        scalar|
|s_axi_ctrl_ARADDR   |   in|    5|       s_axi|          ctrl|        scalar|
|s_axi_ctrl_RVALID   |  out|    1|       s_axi|          ctrl|        scalar|
|s_axi_ctrl_RREADY   |   in|    1|       s_axi|          ctrl|        scalar|
|s_axi_ctrl_RDATA    |  out|   32|       s_axi|          ctrl|        scalar|
|s_axi_ctrl_RRESP    |  out|    2|       s_axi|          ctrl|        scalar|
|s_axi_ctrl_BVALID   |  out|    1|       s_axi|          ctrl|        scalar|
|s_axi_ctrl_BREADY   |   in|    1|       s_axi|          ctrl|        scalar|
|s_axi_ctrl_BRESP    |  out|    2|       s_axi|          ctrl|        scalar|
|ap_clk              |   in|    1|  ap_ctrl_hs|        seidel|  return value|
|ap_rst_n            |   in|    1|  ap_ctrl_hs|        seidel|  return value|
|interrupt           |  out|    1|  ap_ctrl_hs|        seidel|  return value|
|v1_0_0_Addr_A       |  out|   32|        bram|        v1_0_0|         array|
|v1_0_0_EN_A         |  out|    1|        bram|        v1_0_0|         array|
|v1_0_0_WEN_A        |  out|    4|        bram|        v1_0_0|         array|
|v1_0_0_Din_A        |  out|   32|        bram|        v1_0_0|         array|
|v1_0_0_Dout_A       |   in|   32|        bram|        v1_0_0|         array|
|v1_0_0_Clk_A        |  out|    1|        bram|        v1_0_0|         array|
|v1_0_0_Rst_A        |  out|    1|        bram|        v1_0_0|         array|
|v1_0_0_Addr_B       |  out|   32|        bram|        v1_0_0|         array|
|v1_0_0_EN_B         |  out|    1|        bram|        v1_0_0|         array|
|v1_0_0_WEN_B        |  out|    4|        bram|        v1_0_0|         array|
|v1_0_0_Din_B        |  out|   32|        bram|        v1_0_0|         array|
|v1_0_0_Dout_B       |   in|   32|        bram|        v1_0_0|         array|
|v1_0_0_Clk_B        |  out|    1|        bram|        v1_0_0|         array|
|v1_0_0_Rst_B        |  out|    1|        bram|        v1_0_0|         array|
|v1_0_1_Addr_A       |  out|   32|        bram|        v1_0_1|         array|
|v1_0_1_EN_A         |  out|    1|        bram|        v1_0_1|         array|
|v1_0_1_WEN_A        |  out|    4|        bram|        v1_0_1|         array|
|v1_0_1_Din_A        |  out|   32|        bram|        v1_0_1|         array|
|v1_0_1_Dout_A       |   in|   32|        bram|        v1_0_1|         array|
|v1_0_1_Clk_A        |  out|    1|        bram|        v1_0_1|         array|
|v1_0_1_Rst_A        |  out|    1|        bram|        v1_0_1|         array|
|v1_0_1_Addr_B       |  out|   32|        bram|        v1_0_1|         array|
|v1_0_1_EN_B         |  out|    1|        bram|        v1_0_1|         array|
|v1_0_1_WEN_B        |  out|    4|        bram|        v1_0_1|         array|
|v1_0_1_Din_B        |  out|   32|        bram|        v1_0_1|         array|
|v1_0_1_Dout_B       |   in|   32|        bram|        v1_0_1|         array|
|v1_0_1_Clk_B        |  out|    1|        bram|        v1_0_1|         array|
|v1_0_1_Rst_B        |  out|    1|        bram|        v1_0_1|         array|
|v1_0_2_Addr_A       |  out|   32|        bram|        v1_0_2|         array|
|v1_0_2_EN_A         |  out|    1|        bram|        v1_0_2|         array|
|v1_0_2_WEN_A        |  out|    4|        bram|        v1_0_2|         array|
|v1_0_2_Din_A        |  out|   32|        bram|        v1_0_2|         array|
|v1_0_2_Dout_A       |   in|   32|        bram|        v1_0_2|         array|
|v1_0_2_Clk_A        |  out|    1|        bram|        v1_0_2|         array|
|v1_0_2_Rst_A        |  out|    1|        bram|        v1_0_2|         array|
|v1_0_2_Addr_B       |  out|   32|        bram|        v1_0_2|         array|
|v1_0_2_EN_B         |  out|    1|        bram|        v1_0_2|         array|
|v1_0_2_WEN_B        |  out|    4|        bram|        v1_0_2|         array|
|v1_0_2_Din_B        |  out|   32|        bram|        v1_0_2|         array|
|v1_0_2_Dout_B       |   in|   32|        bram|        v1_0_2|         array|
|v1_0_2_Clk_B        |  out|    1|        bram|        v1_0_2|         array|
|v1_0_2_Rst_B        |  out|    1|        bram|        v1_0_2|         array|
|v1_1_0_Addr_A       |  out|   32|        bram|        v1_1_0|         array|
|v1_1_0_EN_A         |  out|    1|        bram|        v1_1_0|         array|
|v1_1_0_WEN_A        |  out|    4|        bram|        v1_1_0|         array|
|v1_1_0_Din_A        |  out|   32|        bram|        v1_1_0|         array|
|v1_1_0_Dout_A       |   in|   32|        bram|        v1_1_0|         array|
|v1_1_0_Clk_A        |  out|    1|        bram|        v1_1_0|         array|
|v1_1_0_Rst_A        |  out|    1|        bram|        v1_1_0|         array|
|v1_1_0_Addr_B       |  out|   32|        bram|        v1_1_0|         array|
|v1_1_0_EN_B         |  out|    1|        bram|        v1_1_0|         array|
|v1_1_0_WEN_B        |  out|    4|        bram|        v1_1_0|         array|
|v1_1_0_Din_B        |  out|   32|        bram|        v1_1_0|         array|
|v1_1_0_Dout_B       |   in|   32|        bram|        v1_1_0|         array|
|v1_1_0_Clk_B        |  out|    1|        bram|        v1_1_0|         array|
|v1_1_0_Rst_B        |  out|    1|        bram|        v1_1_0|         array|
|v1_1_1_Addr_A       |  out|   32|        bram|        v1_1_1|         array|
|v1_1_1_EN_A         |  out|    1|        bram|        v1_1_1|         array|
|v1_1_1_WEN_A        |  out|    4|        bram|        v1_1_1|         array|
|v1_1_1_Din_A        |  out|   32|        bram|        v1_1_1|         array|
|v1_1_1_Dout_A       |   in|   32|        bram|        v1_1_1|         array|
|v1_1_1_Clk_A        |  out|    1|        bram|        v1_1_1|         array|
|v1_1_1_Rst_A        |  out|    1|        bram|        v1_1_1|         array|
|v1_1_1_Addr_B       |  out|   32|        bram|        v1_1_1|         array|
|v1_1_1_EN_B         |  out|    1|        bram|        v1_1_1|         array|
|v1_1_1_WEN_B        |  out|    4|        bram|        v1_1_1|         array|
|v1_1_1_Din_B        |  out|   32|        bram|        v1_1_1|         array|
|v1_1_1_Dout_B       |   in|   32|        bram|        v1_1_1|         array|
|v1_1_1_Clk_B        |  out|    1|        bram|        v1_1_1|         array|
|v1_1_1_Rst_B        |  out|    1|        bram|        v1_1_1|         array|
|v1_1_2_Addr_A       |  out|   32|        bram|        v1_1_2|         array|
|v1_1_2_EN_A         |  out|    1|        bram|        v1_1_2|         array|
|v1_1_2_WEN_A        |  out|    4|        bram|        v1_1_2|         array|
|v1_1_2_Din_A        |  out|   32|        bram|        v1_1_2|         array|
|v1_1_2_Dout_A       |   in|   32|        bram|        v1_1_2|         array|
|v1_1_2_Clk_A        |  out|    1|        bram|        v1_1_2|         array|
|v1_1_2_Rst_A        |  out|    1|        bram|        v1_1_2|         array|
|v1_1_2_Addr_B       |  out|   32|        bram|        v1_1_2|         array|
|v1_1_2_EN_B         |  out|    1|        bram|        v1_1_2|         array|
|v1_1_2_WEN_B        |  out|    4|        bram|        v1_1_2|         array|
|v1_1_2_Din_B        |  out|   32|        bram|        v1_1_2|         array|
|v1_1_2_Dout_B       |   in|   32|        bram|        v1_1_2|         array|
|v1_1_2_Clk_B        |  out|    1|        bram|        v1_1_2|         array|
|v1_1_2_Rst_B        |  out|    1|        bram|        v1_1_2|         array|
|v1_2_0_Addr_A       |  out|   32|        bram|        v1_2_0|         array|
|v1_2_0_EN_A         |  out|    1|        bram|        v1_2_0|         array|
|v1_2_0_WEN_A        |  out|    4|        bram|        v1_2_0|         array|
|v1_2_0_Din_A        |  out|   32|        bram|        v1_2_0|         array|
|v1_2_0_Dout_A       |   in|   32|        bram|        v1_2_0|         array|
|v1_2_0_Clk_A        |  out|    1|        bram|        v1_2_0|         array|
|v1_2_0_Rst_A        |  out|    1|        bram|        v1_2_0|         array|
|v1_2_0_Addr_B       |  out|   32|        bram|        v1_2_0|         array|
|v1_2_0_EN_B         |  out|    1|        bram|        v1_2_0|         array|
|v1_2_0_WEN_B        |  out|    4|        bram|        v1_2_0|         array|
|v1_2_0_Din_B        |  out|   32|        bram|        v1_2_0|         array|
|v1_2_0_Dout_B       |   in|   32|        bram|        v1_2_0|         array|
|v1_2_0_Clk_B        |  out|    1|        bram|        v1_2_0|         array|
|v1_2_0_Rst_B        |  out|    1|        bram|        v1_2_0|         array|
|v1_2_1_Addr_A       |  out|   32|        bram|        v1_2_1|         array|
|v1_2_1_EN_A         |  out|    1|        bram|        v1_2_1|         array|
|v1_2_1_WEN_A        |  out|    4|        bram|        v1_2_1|         array|
|v1_2_1_Din_A        |  out|   32|        bram|        v1_2_1|         array|
|v1_2_1_Dout_A       |   in|   32|        bram|        v1_2_1|         array|
|v1_2_1_Clk_A        |  out|    1|        bram|        v1_2_1|         array|
|v1_2_1_Rst_A        |  out|    1|        bram|        v1_2_1|         array|
|v1_2_1_Addr_B       |  out|   32|        bram|        v1_2_1|         array|
|v1_2_1_EN_B         |  out|    1|        bram|        v1_2_1|         array|
|v1_2_1_WEN_B        |  out|    4|        bram|        v1_2_1|         array|
|v1_2_1_Din_B        |  out|   32|        bram|        v1_2_1|         array|
|v1_2_1_Dout_B       |   in|   32|        bram|        v1_2_1|         array|
|v1_2_1_Clk_B        |  out|    1|        bram|        v1_2_1|         array|
|v1_2_1_Rst_B        |  out|    1|        bram|        v1_2_1|         array|
|v1_2_2_Addr_A       |  out|   32|        bram|        v1_2_2|         array|
|v1_2_2_EN_A         |  out|    1|        bram|        v1_2_2|         array|
|v1_2_2_WEN_A        |  out|    4|        bram|        v1_2_2|         array|
|v1_2_2_Din_A        |  out|   32|        bram|        v1_2_2|         array|
|v1_2_2_Dout_A       |   in|   32|        bram|        v1_2_2|         array|
|v1_2_2_Clk_A        |  out|    1|        bram|        v1_2_2|         array|
|v1_2_2_Rst_A        |  out|    1|        bram|        v1_2_2|         array|
|v1_2_2_Addr_B       |  out|   32|        bram|        v1_2_2|         array|
|v1_2_2_EN_B         |  out|    1|        bram|        v1_2_2|         array|
|v1_2_2_WEN_B        |  out|    4|        bram|        v1_2_2|         array|
|v1_2_2_Din_B        |  out|   32|        bram|        v1_2_2|         array|
|v1_2_2_Dout_B       |   in|   32|        bram|        v1_2_2|         array|
|v1_2_2_Clk_B        |  out|    1|        bram|        v1_2_2|         array|
|v1_2_2_Rst_B        |  out|    1|        bram|        v1_2_2|         array|
|v2_Addr_A           |  out|   32|        bram|            v2|         array|
|v2_EN_A             |  out|    1|        bram|            v2|         array|
|v2_WEN_A            |  out|    4|        bram|            v2|         array|
|v2_Din_A            |  out|   32|        bram|            v2|         array|
|v2_Dout_A           |   in|   32|        bram|            v2|         array|
|v2_Clk_A            |  out|    1|        bram|            v2|         array|
|v2_Rst_A            |  out|    1|        bram|            v2|         array|
|v2_Addr_B           |  out|   32|        bram|            v2|         array|
|v2_EN_B             |  out|    1|        bram|            v2|         array|
|v2_WEN_B            |  out|    4|        bram|            v2|         array|
|v2_Din_B            |  out|   32|        bram|            v2|         array|
|v2_Dout_B           |   in|   32|        bram|            v2|         array|
|v2_Clk_B            |  out|    1|        bram|            v2|         array|
|v2_Rst_B            |  out|    1|        bram|            v2|         array|
+--------------------+-----+-----+------------+--------------+--------------+

